{"C:\\Programming\\Active\\Q2A\\back_end\\src\\utility.js": {"path":"C:\\Programming\\Active\\Q2A\\back_end\\src\\utility.js","statementMap":{"0":{"start":{"line":1,"column":19},"end":{"line":1,"column":41}},"1":{"start":{"line":2,"column":15},"end":{"line":2,"column":32}},"2":{"start":{"line":3,"column":12},"end":{"line":3,"column":35}},"3":{"start":{"line":4,"column":17},"end":{"line":4,"column":53}},"4":{"start":{"line":5,"column":15},"end":{"line":5,"column":47}},"5":{"start":{"line":7,"column":0},"end":{"line":11,"column":2}},"6":{"start":{"line":13,"column":0},"end":{"line":17,"column":2}},"7":{"start":{"line":19,"column":0},"end":{"line":25,"column":2}},"8":{"start":{"line":20,"column":16},"end":{"line":23,"column":4}},"9":{"start":{"line":24,"column":2},"end":{"line":24,"column":15}},"10":{"start":{"line":27,"column":0},"end":{"line":34,"column":2}},"11":{"start":{"line":28,"column":15},"end":{"line":28,"column":60}},"12":{"start":{"line":29,"column":2},"end":{"line":33,"column":5}},"13":{"start":{"line":36,"column":0},"end":{"line":43,"column":2}},"14":{"start":{"line":37,"column":15},"end":{"line":37,"column":60}},"15":{"start":{"line":38,"column":2},"end":{"line":42,"column":5}},"16":{"start":{"line":45,"column":0},"end":{"line":50,"column":2}},"17":{"start":{"line":46,"column":2},"end":{"line":49,"column":4}},"18":{"start":{"line":52,"column":0},"end":{"line":57,"column":2}},"19":{"start":{"line":53,"column":2},"end":{"line":56,"column":4}},"20":{"start":{"line":59,"column":19},"end":{"line":64,"column":1}},"21":{"start":{"line":60,"column":2},"end":{"line":63,"column":14}},"22":{"start":{"line":66,"column":0},"end":{"line":68,"column":2}},"23":{"start":{"line":67,"column":2},"end":{"line":67,"column":101}},"24":{"start":{"line":70,"column":0},"end":{"line":72,"column":2}},"25":{"start":{"line":71,"column":2},"end":{"line":71,"column":36}}},"fnMap":{"0":{"name":"(anonymous_0)","decl":{"start":{"line":19,"column":32},"end":{"line":19,"column":33}},"loc":{"start":{"line":19,"column":42},"end":{"line":25,"column":1}},"line":19},"1":{"name":"(anonymous_1)","decl":{"start":{"line":27,"column":32},"end":{"line":27,"column":33}},"loc":{"start":{"line":27,"column":54},"end":{"line":34,"column":1}},"line":27},"2":{"name":"(anonymous_2)","decl":{"start":{"line":36,"column":33},"end":{"line":36,"column":34}},"loc":{"start":{"line":36,"column":50},"end":{"line":43,"column":1}},"line":36},"3":{"name":"(anonymous_3)","decl":{"start":{"line":45,"column":42},"end":{"line":45,"column":43}},"loc":{"start":{"line":45,"column":55},"end":{"line":50,"column":1}},"line":45},"4":{"name":"(anonymous_4)","decl":{"start":{"line":52,"column":39},"end":{"line":52,"column":40}},"loc":{"start":{"line":52,"column":57},"end":{"line":57,"column":1}},"line":52},"5":{"name":"(anonymous_5)","decl":{"start":{"line":59,"column":19},"end":{"line":59,"column":20}},"loc":{"start":{"line":59,"column":39},"end":{"line":64,"column":1}},"line":59},"6":{"name":"(anonymous_6)","decl":{"start":{"line":66,"column":39},"end":{"line":66,"column":40}},"loc":{"start":{"line":66,"column":79},"end":{"line":68,"column":1}},"line":66},"7":{"name":"(anonymous_7)","decl":{"start":{"line":70,"column":30},"end":{"line":70,"column":31}},"loc":{"start":{"line":70,"column":36},"end":{"line":72,"column":1}},"line":70}},"branchMap":{"0":{"loc":{"start":{"line":52,"column":40},"end":{"line":52,"column":52}},"type":"default-arg","locations":[{"start":{"line":52,"column":50},"end":{"line":52,"column":52}}],"line":52}},"s":{"0":1,"1":1,"2":1,"3":1,"4":1,"5":1,"6":1,"7":1,"8":0,"9":0,"10":1,"11":0,"12":0,"13":1,"14":0,"15":0,"16":1,"17":0,"18":1,"19":1,"20":1,"21":0,"22":1,"23":0,"24":1,"25":1},"f":{"0":0,"1":0,"2":0,"3":0,"4":1,"5":0,"6":0,"7":1},"b":{"0":[1]},"_coverageSchema":"1a1c01bbd47fc00a2c39e90264f33305004495a9","hash":"f022399e84294aad7a983cd8e434537aac690a03"}
,"C:\\Programming\\Active\\Q2A\\back_end\\src\\db\\config.js": {"path":"C:\\Programming\\Active\\Q2A\\back_end\\src\\db\\config.js","statementMap":{"0":{"start":{"line":1,"column":0},"end":{"line":9,"column":2}}},"fnMap":{},"branchMap":{},"s":{"0":1},"f":{},"b":{},"_coverageSchema":"1a1c01bbd47fc00a2c39e90264f33305004495a9","hash":"b9a2702b599688b647f8ee8c6a632630b034567f"}
,"C:\\Programming\\Active\\Q2A\\back_end\\src\\db\\constants.js": {"path":"C:\\Programming\\Active\\Q2A\\back_end\\src\\db\\constants.js","statementMap":{"0":{"start":{"line":1,"column":0},"end":{"line":9,"column":2}},"1":{"start":{"line":11,"column":0},"end":{"line":15,"column":2}}},"fnMap":{},"branchMap":{},"s":{"0":1,"1":1},"f":{},"b":{},"_coverageSchema":"1a1c01bbd47fc00a2c39e90264f33305004495a9","hash":"12e154433896f3dc083a7799eccade32ec81de8e"}
,"C:\\Programming\\Active\\Q2A\\back_end\\src\\db\\createDatabase.js": {"path":"C:\\Programming\\Active\\Q2A\\back_end\\src\\db\\createDatabase.js","statementMap":{"0":{"start":{"line":1,"column":22},"end":{"line":1,"column":42}},"1":{"start":{"line":2,"column":18},"end":{"line":2,"column":38}},"2":{"start":{"line":3,"column":17},"end":{"line":3,"column":52}},"3":{"start":{"line":4,"column":15},"end":{"line":4,"column":44}},"4":{"start":{"line":6,"column":24},"end":{"line":146,"column":1}},"5":{"start":{"line":7,"column":20},"end":{"line":7,"column":49}},"6":{"start":{"line":9,"column":15},"end":{"line":41,"column":4}},"7":{"start":{"line":42,"column":15},"end":{"line":92,"column":4}},"8":{"start":{"line":93,"column":14},"end":{"line":102,"column":4}},"9":{"start":{"line":103,"column":15},"end":{"line":105,"column":4}},"10":{"start":{"line":106,"column":23},"end":{"line":125,"column":4}},"11":{"start":{"line":126,"column":16},"end":{"line":129,"column":4}},"12":{"start":{"line":130,"column":2},"end":{"line":130,"column":23}},"13":{"start":{"line":131,"column":2},"end":{"line":131,"column":21}},"14":{"start":{"line":132,"column":2},"end":{"line":132,"column":23}},"15":{"start":{"line":133,"column":2},"end":{"line":133,"column":23}},"16":{"start":{"line":134,"column":2},"end":{"line":134,"column":21}},"17":{"start":{"line":135,"column":2},"end":{"line":135,"column":31}},"18":{"start":{"line":136,"column":2},"end":{"line":136,"column":29}},"19":{"start":{"line":137,"column":2},"end":{"line":137,"column":24}},"20":{"start":{"line":138,"column":2},"end":{"line":138,"column":22}},"21":{"start":{"line":139,"column":2},"end":{"line":139,"column":41}},"22":{"start":{"line":140,"column":2},"end":{"line":140,"column":47}},"23":{"start":{"line":141,"column":2},"end":{"line":141,"column":47}},"24":{"start":{"line":142,"column":2},"end":{"line":142,"column":45}},"25":{"start":{"line":143,"column":2},"end":{"line":143,"column":47}},"26":{"start":{"line":144,"column":2},"end":{"line":144,"column":63}},"27":{"start":{"line":145,"column":2},"end":{"line":145,"column":49}},"28":{"start":{"line":148,"column":0},"end":{"line":151,"column":3}},"29":{"start":{"line":149,"column":2},"end":{"line":149,"column":34}},"30":{"start":{"line":150,"column":2},"end":{"line":150,"column":31}}},"fnMap":{"0":{"name":"(anonymous_0)","decl":{"start":{"line":6,"column":24},"end":{"line":6,"column":25}},"loc":{"start":{"line":6,"column":36},"end":{"line":146,"column":1}},"line":6},"1":{"name":"(anonymous_1)","decl":{"start":{"line":148,"column":55},"end":{"line":148,"column":56}},"loc":{"start":{"line":148,"column":61},"end":{"line":151,"column":1}},"line":148}},"branchMap":{},"s":{"0":1,"1":1,"2":1,"3":1,"4":1,"5":1,"6":1,"7":1,"8":1,"9":1,"10":1,"11":1,"12":1,"13":1,"14":1,"15":1,"16":1,"17":1,"18":1,"19":1,"20":1,"21":1,"22":1,"23":1,"24":1,"25":1,"26":1,"27":1,"28":1,"29":1,"30":1},"f":{"0":1,"1":1},"b":{},"_coverageSchema":"1a1c01bbd47fc00a2c39e90264f33305004495a9","hash":"842ce2efd3b80c1cacc7462e9bff8c7086ba83d6"}
,"C:\\Programming\\Active\\Q2A\\back_end\\src\\db\\database.js": {"path":"C:\\Programming\\Active\\Q2A\\back_end\\src\\db\\database.js","statementMap":{"0":{"start":{"line":1,"column":18},"end":{"line":1,"column":38}},"1":{"start":{"line":2,"column":15},"end":{"line":2,"column":34}},"2":{"start":{"line":3,"column":25},"end":{"line":3,"column":46}},"3":{"start":{"line":5,"column":9},"end":{"line":5,"column":13}},"4":{"start":{"line":6,"column":15},"end":{"line":6,"column":24}},"5":{"start":{"line":8,"column":0},"end":{"line":47,"column":2}},"6":{"start":{"line":9,"column":17},"end":{"line":31,"column":3}},"7":{"start":{"line":10,"column":22},"end":{"line":21,"column":10}},"8":{"start":{"line":23,"column":4},"end":{"line":29,"column":5}},"9":{"start":{"line":24,"column":6},"end":{"line":24,"column":37}},"10":{"start":{"line":25,"column":6},"end":{"line":25,"column":58}},"11":{"start":{"line":27,"column":6},"end":{"line":27,"column":63}},"12":{"start":{"line":28,"column":6},"end":{"line":28,"column":24}},"13":{"start":{"line":30,"column":4},"end":{"line":30,"column":21}},"14":{"start":{"line":33,"column":2},"end":{"line":46,"column":4}},"15":{"start":{"line":35,"column":6},"end":{"line":37,"column":7}},"16":{"start":{"line":36,"column":8},"end":{"line":36,"column":28}},"17":{"start":{"line":38,"column":6},"end":{"line":38,"column":16}},"18":{"start":{"line":41,"column":6},"end":{"line":41,"column":29}},"19":{"start":{"line":44,"column":6},"end":{"line":44,"column":29}}},"fnMap":{"0":{"name":"(anonymous_0)","decl":{"start":{"line":8,"column":29},"end":{"line":8,"column":30}},"loc":{"start":{"line":8,"column":35},"end":{"line":47,"column":1}},"line":8},"1":{"name":"(anonymous_1)","decl":{"start":{"line":9,"column":17},"end":{"line":9,"column":18}},"loc":{"start":{"line":9,"column":29},"end":{"line":31,"column":3}},"line":9},"2":{"name":"(anonymous_2)","decl":{"start":{"line":34,"column":18},"end":{"line":34,"column":19}},"loc":{"start":{"line":34,"column":30},"end":{"line":39,"column":5}},"line":34},"3":{"name":"(anonymous_3)","decl":{"start":{"line":40,"column":16},"end":{"line":40,"column":17}},"loc":{"start":{"line":40,"column":32},"end":{"line":42,"column":5}},"line":40},"4":{"name":"(anonymous_4)","decl":{"start":{"line":43,"column":15},"end":{"line":43,"column":16}},"loc":{"start":{"line":43,"column":24},"end":{"line":45,"column":5}},"line":43}},"branchMap":{"0":{"loc":{"start":{"line":10,"column":22},"end":{"line":21,"column":10}},"type":"cond-expr","locations":[{"start":{"line":11,"column":8},"end":{"line":11,"column":40}},{"start":{"line":12,"column":8},"end":{"line":21,"column":10}}],"line":10},"1":{"loc":{"start":{"line":35,"column":6},"end":{"line":37,"column":7}},"type":"if","locations":[{"start":{"line":35,"column":6},"end":{"line":37,"column":7}},{"start":{"line":35,"column":6},"end":{"line":37,"column":7}}],"line":35}},"s":{"0":1,"1":1,"2":1,"3":1,"4":1,"5":1,"6":4,"7":1,"8":1,"9":1,"10":1,"11":0,"12":0,"13":1,"14":4,"15":1,"16":1,"17":1,"18":6,"19":3},"f":{"0":4,"1":1,"2":1,"3":6,"4":3},"b":{"0":[1,0],"1":[1,0]},"_coverageSchema":"1a1c01bbd47fc00a2c39e90264f33305004495a9","hash":"a43d36ce9f6a3a87f7be69cccc48200ce14c2eea"}
,"C:\\Programming\\Active\\Q2A\\back_end\\src\\mutations\\user.js": {"path":"C:\\Programming\\Active\\Q2A\\back_end\\src\\mutations\\user.js","statementMap":{"0":{"start":{"line":1,"column":17},"end":{"line":1,"column":56}},"1":{"start":{"line":2,"column":15},"end":{"line":2,"column":48}},"2":{"start":{"line":3,"column":34},"end":{"line":3,"column":55}},"3":{"start":{"line":5,"column":0},"end":{"line":18,"column":2}},"4":{"start":{"line":6,"column":2},"end":{"line":8,"column":3}},"5":{"start":{"line":7,"column":4},"end":{"line":7,"column":45}},"6":{"start":{"line":9,"column":15},"end":{"line":9,"column":52}},"7":{"start":{"line":10,"column":17},"end":{"line":15,"column":3}},"8":{"start":{"line":16,"column":2},"end":{"line":16,"column":57}},"9":{"start":{"line":17,"column":2},"end":{"line":17,"column":33}}},"fnMap":{"0":{"name":"(anonymous_0)","decl":{"start":{"line":5,"column":28},"end":{"line":5,"column":29}},"loc":{"start":{"line":5,"column":61},"end":{"line":18,"column":1}},"line":5}},"branchMap":{"0":{"loc":{"start":{"line":6,"column":2},"end":{"line":8,"column":3}},"type":"if","locations":[{"start":{"line":6,"column":2},"end":{"line":8,"column":3}},{"start":{"line":6,"column":2},"end":{"line":8,"column":3}}],"line":6}},"s":{"0":1,"1":1,"2":1,"3":1,"4":1,"5":0,"6":1,"7":1,"8":1,"9":1},"f":{"0":1},"b":{"0":[0,1]},"_coverageSchema":"1a1c01bbd47fc00a2c39e90264f33305004495a9","hash":"739a7295e50e2b47fd4b0a42e3cf9a1aef2ccda8"}
}
