TN:
SF:src\utility.js
FN:19,(anonymous_0)
FN:27,(anonymous_1)
FN:36,(anonymous_2)
FN:45,(anonymous_3)
FN:52,(anonymous_4)
FN:59,(anonymous_5)
FN:66,(anonymous_6)
FN:70,(anonymous_7)
FNF:8
FNH:2
FNDA:0,(anonymous_0)
FNDA:0,(anonymous_1)
FNDA:0,(anonymous_2)
FNDA:0,(anonymous_3)
FNDA:1,(anonymous_4)
FNDA:0,(anonymous_5)
FNDA:0,(anonymous_6)
FNDA:1,(anonymous_7)
DA:1,1
DA:2,1
DA:3,1
DA:4,1
DA:5,1
DA:7,1
DA:13,1
DA:19,1
DA:20,0
DA:24,0
DA:27,1
DA:28,0
DA:29,0
DA:36,1
DA:37,0
DA:38,0
DA:45,1
DA:46,0
DA:52,1
DA:53,1
DA:59,1
DA:60,0
DA:66,1
DA:67,0
DA:70,1
DA:71,1
LF:26
LH:17
BRDA:52,0,0,1
BRF:1
BRH:1
end_of_record
TN:
SF:src\db\config.js
FNF:0
FNH:0
DA:1,1
LF:1
LH:1
BRF:0
BRH:0
end_of_record
TN:
SF:src\db\constants.js
FNF:0
FNH:0
DA:1,1
DA:11,1
LF:2
LH:2
BRF:0
BRH:0
end_of_record
TN:
SF:src\db\createDatabase.js
FN:6,(anonymous_0)
FN:148,(anonymous_1)
FNF:2
FNH:2
FNDA:1,(anonymous_0)
FNDA:1,(anonymous_1)
DA:1,1
DA:2,1
DA:3,1
DA:4,1
DA:6,1
DA:7,1
DA:9,1
DA:42,1
DA:93,1
DA:103,1
DA:106,1
DA:126,1
DA:130,1
DA:131,1
DA:132,1
DA:133,1
DA:134,1
DA:135,1
DA:136,1
DA:137,1
DA:138,1
DA:139,1
DA:140,1
DA:141,1
DA:142,1
DA:143,1
DA:144,1
DA:145,1
DA:148,1
DA:149,1
DA:150,1
LF:31
LH:31
BRF:0
BRH:0
end_of_record
TN:
SF:src\db\database.js
FN:8,(anonymous_0)
FN:9,(anonymous_1)
FN:34,(anonymous_2)
FN:40,(anonymous_3)
FN:43,(anonymous_4)
FNF:5
FNH:5
FNDA:4,(anonymous_0)
FNDA:1,(anonymous_1)
FNDA:1,(anonymous_2)
FNDA:6,(anonymous_3)
FNDA:3,(anonymous_4)
DA:1,1
DA:2,1
DA:3,1
DA:5,1
DA:6,1
DA:8,1
DA:9,4
DA:10,1
DA:23,1
DA:24,1
DA:25,1
DA:27,0
DA:28,0
DA:30,1
DA:33,4
DA:35,1
DA:36,1
DA:38,1
DA:41,6
DA:44,3
LF:20
LH:18
BRDA:10,0,0,1
BRDA:10,0,1,0
BRDA:35,1,0,1
BRDA:35,1,1,0
BRF:4
BRH:2
end_of_record
TN:
SF:src\mutations\user.js
FN:5,(anonymous_0)
FNF:1
FNH:1
FNDA:1,(anonymous_0)
DA:1,1
DA:2,1
DA:3,1
DA:5,1
DA:6,1
DA:7,0
DA:9,1
DA:10,1
DA:16,1
DA:17,1
LF:10
LH:9
BRDA:6,0,0,0
BRDA:6,0,1,1
BRF:2
BRH:1
end_of_record
